C51 COMPILER V9.54   DELAY1MS_______                                                       11/19/2022 13:58:40 PAGE 1   


C51 COMPILER V9.54, COMPILATION OF MODULE DELAY1MS_______
OBJECT MODULE PLACED IN .\Objects\Delay1ms - 副本.obj
COMPILER INVOKED BY: D:\keil5\C51\BIN\C51.EXE Delay1ms - 副本.c OPTIMIZE(8,SPEED) BROWSE DEBUG OBJECTEXTEND PRINT(.\List
                    -ings\Delay1ms - 副本.lst) TABS(2) OBJECT(.\Objects\Delay1ms - 副本.obj)

line level    source

   1          void Delay1ms(unsigned char xms)    //@12.000MHz
   2          {
   3   1        unsigned char i, j;
   4   1        while(xms--)
   5   1        {
   6   2          i = 12;
   7   2          j = 169;
   8   2          do
   9   2          {
  10   3            while (--j);
  11   3          } while (--i);
  12   2        }
  13   1        
  14   1      }


MODULE INFORMATION:   STATIC OVERLAYABLE
   CODE SIZE        =     17    ----
   CONSTANT SIZE    =   ----    ----
   XDATA SIZE       =   ----    ----
   PDATA SIZE       =   ----    ----
   DATA SIZE        =   ----    ----
   IDATA SIZE       =   ----    ----
   BIT SIZE         =   ----    ----
END OF MODULE INFORMATION.


C51 COMPILATION COMPLETE.  0 WARNING(S),  0 ERROR(S)
