C51 COMPILER V9.54   MAIN                                                                  11/17/2022 21:50:37 PAGE 1   


C51 COMPILER V9.54, COMPILATION OF MODULE MAIN
OBJECT MODULE PLACED IN .\Objects\main.obj
COMPILER INVOKED BY: D:\keil5\C51\BIN\C51.EXE main.c OPTIMIZE(8,SPEED) BROWSE DEBUG OBJECTEXTEND PRINT(.\Listings\main.l
                    -st) TABS(2) OBJECT(.\Objects\main.obj)

line level    source

   1          #include <REGX52.H>
   2          #include "Delay1ms.h"
   3          #include "LCD1602.h"
   4          #include "MatrixKey.h"
   5          
   6          unsigned char KeyNum;
   7          unsigned int Password,count;
   8          
   9          void main()
  10          {
  11   1        LCD_Init();
  12   1        LCD_ShowString(1,1,"Password");
  13   1        while(1)
  14   1        {
  15   2          KeyNum = MatrixKey();
*** WARNING C206 IN LINE 15 OF main.c: 'MatrixKey': missing function-prototype
  16   2          if(KeyNum<=10)
  17   2          {
  18   3            if(count<4)
  19   3            {
  20   4              if(KeyNum != 0)
  21   4              {
  22   5                Password *= 10;
  23   5                Password += KeyNum%10;
  24   5                count++;
  25   5              }
  26   4            }   
  27   3            LCD_ShowNum(2,1,Password,4);
  28   3          }
  29   2          if(KeyNum == 10)
  30   2          {
  31   3            Password = 0;
  32   3            count = 0;
  33   3            LCD_ShowNum(2,1,Password,4);
  34   3          }
  35   2          if(KeyNum == 11)
  36   2            {
  37   3              if(Password == 2345)
  38   3              {
  39   4                LCD_ShowString(1,13,"ok  ");
  40   4                Password = 0;
  41   4                count = 0;
  42   4                LCD_ShowNum(2,1,Password,4);
  43   4              }
  44   3              else
  45   3              {
  46   4                LCD_ShowString(1,13,"Erro");
  47   4                Password = 0;
  48   4                count = 0;
  49   4                LCD_ShowNum(2,1,Password,4);
  50   4              }
  51   3            }
  52   2          if(KeyNum==12)
  53   2          {
C51 COMPILER V9.54   MAIN                                                                  11/17/2022 21:50:37 PAGE 2   

  54   3            Password = 0;
  55   3            count = 0;
  56   3            LCD_ShowNum(2,1,Password,4);
  57   3          }       
  58   2        }
  59   1          
  60   1        
  61   1        
  62   1      }


MODULE INFORMATION:   STATIC OVERLAYABLE
   CODE SIZE        =    219    ----
   CONSTANT SIZE    =     19    ----
   XDATA SIZE       =   ----    ----
   PDATA SIZE       =   ----    ----
   DATA SIZE        =      5    ----
   IDATA SIZE       =   ----    ----
   BIT SIZE         =   ----    ----
END OF MODULE INFORMATION.


C51 COMPILATION COMPLETE.  1 WARNING(S),  0 ERROR(S)
