C51 COMPILER V9.54   MAIN                                                                  11/18/2022 20:36:54 PAGE 1   


C51 COMPILER V9.54, COMPILATION OF MODULE MAIN
OBJECT MODULE PLACED IN .\Objects\main.obj
COMPILER INVOKED BY: D:\keil5\C51\BIN\C51.EXE main.c OPTIMIZE(8,SPEED) BROWSE DEBUG OBJECTEXTEND PRINT(.\Listings\main.l
                    -st) TABS(2) OBJECT(.\Objects\main.obj)

line level    source

   1          #include <REGX52.H>
   2          #include "Delay1ms.h"
   3          
   4          void main()
   5          {
   6   1        unsigned char LEDNum = 0;
   7   1        while(1)
   8   1        {
   9   2          if(P3_1 == 0)
  10   2          {
  11   3            Delay1ms(20);
  12   3            while(P3_1 == 0)
  13   3            {
  14   4              
  15   4            }
  16   3            Delay1ms(20);
  17   3            LEDNum++;
  18   3            P2 =~ LEDNum;
  19   3          }
  20   2        }
  21   1      }


MODULE INFORMATION:   STATIC OVERLAYABLE
   CODE SIZE        =     28    ----
   CONSTANT SIZE    =   ----    ----
   XDATA SIZE       =   ----    ----
   PDATA SIZE       =   ----    ----
   DATA SIZE        =   ----       1
   IDATA SIZE       =   ----    ----
   BIT SIZE         =   ----    ----
END OF MODULE INFORMATION.


C51 COMPILATION COMPLETE.  0 WARNING(S),  0 ERROR(S)
