C51 COMPILER V9.54   MAIN                                                                  11/18/2022 17:51:49 PAGE 1   


C51 COMPILER V9.54, COMPILATION OF MODULE MAIN
OBJECT MODULE PLACED IN .\Objects\main.obj
COMPILER INVOKED BY: D:\keil5\C51\BIN\C51.EXE main.c OPTIMIZE(8,SPEED) BROWSE DEBUG OBJECTEXTEND PRINT(.\Listings\main.l
                    -st) TABS(2) OBJECT(.\Objects\main.obj)

line level    source

   1          #include <REGX52.H>
   2          #include "Delay1ms.h"
*** WARNING C323 IN LINE 1 OF Delay1ms.h: newline expected, extra characters found
   3          #include <INTRINS.H>
   4          void main()
   5          {
   6   1        while(1)
   7   1          
   8   1        {
   9   2          P2_0 = 0;//P2=0xFE;
  10   2          Delay1ms(500);
  11   2          P2_0 =1;//P2=0xFF;
  12   2          Delay1ms(500);
  13   2        }
  14   1      }


MODULE INFORMATION:   STATIC OVERLAYABLE
   CODE SIZE        =     16    ----
   CONSTANT SIZE    =   ----    ----
   XDATA SIZE       =   ----    ----
   PDATA SIZE       =   ----    ----
   DATA SIZE        =   ----    ----
   IDATA SIZE       =   ----    ----
   BIT SIZE         =   ----    ----
END OF MODULE INFORMATION.


C51 COMPILATION COMPLETE.  1 WARNING(S),  0 ERROR(S)
