C51 COMPILER V9.54   MAIN                                                                  11/18/2022 21:27:10 PAGE 1   


C51 COMPILER V9.54, COMPILATION OF MODULE MAIN
OBJECT MODULE PLACED IN .\Objects\main.obj
COMPILER INVOKED BY: D:\keil5\C51\BIN\C51.EXE main.c OPTIMIZE(8,SPEED) BROWSE DEBUG OBJECTEXTEND PRINT(.\Listings\main.l
                    -st) TABS(2) OBJECT(.\Objects\main.obj)

line level    source

   1          #include <REGX52.H>
   2          #include "Delay1ms.h"
   3          
   4          void main()
   5          {
   6   1        unsigned char LEDNum = 0;
   7   1        P2 =~ 0x01;
   8   1        while(1)
   9   1        {
  10   2          if(P3_1 == 0)
  11   2          {
  12   3            Delay1ms(20);
  13   3            while(P3_1 == 0)
  14   3            {
  15   4            
  16   4            }
  17   3            Delay1ms(20);
  18   3            LEDNum++;
  19   3            if(LEDNum > 7)
  20   3            {
  21   4              LEDNum = 0;
  22   4            }
  23   3            P2 =~ (0x01<<LEDNum);
  24   3          }
  25   2          if(P3_0 == 0)
  26   2          {
  27   3            Delay1ms(20);
  28   3            while(P3_0 == 0)
  29   3            {
  30   4              
  31   4            }
  32   3            Delay1ms(20);
  33   3            if(LEDNum == 0)
  34   3            {
  35   4              LEDNum = 7;
  36   4            }
  37   3            else
  38   3            {
  39   4              LEDNum--;
  40   4            }
  41   3            P2 =~ (0x01<<LEDNum);
  42   3          }
  43   2        }
  44   1      }


MODULE INFORMATION:   STATIC OVERLAYABLE
   CODE SIZE        =     95    ----
   CONSTANT SIZE    =   ----    ----
   XDATA SIZE       =   ----    ----
   PDATA SIZE       =   ----    ----
   DATA SIZE        =   ----       1
   IDATA SIZE       =   ----    ----
   BIT SIZE         =   ----    ----
C51 COMPILER V9.54   MAIN                                                                  11/18/2022 21:27:10 PAGE 2   

END OF MODULE INFORMATION.


C51 COMPILATION COMPLETE.  0 WARNING(S),  0 ERROR(S)
