C51 COMPILER V9.54   MAIN                                                                  02/07/2023 16:45:38 PAGE 1   


C51 COMPILER V9.54, COMPILATION OF MODULE MAIN
OBJECT MODULE PLACED IN .\Objects\main.obj
COMPILER INVOKED BY: D:\keil5\C51\BIN\C51.EXE main.c OPTIMIZE(8,SPEED) BROWSE DEBUG OBJECTEXTEND PRINT(.\Listings\main.l
                    -st) TABS(2) OBJECT(.\Objects\main.obj)

line level    source

*** WARNING C500 IN LINE 1 OF main.c: LICENSE ERROR (R201(2): INVALID LICENSE ID CODE (LIC))

   1          #include <REGX52.H>
   2          #include "Delay1ms.h"
   3          #include "Timer0.h"
   4          #include "Lcd1602.h"
   5          unsigned char Sec,Min,Hour;
   6          void main()
   7          {
   8   1        
   9   1        LCD_Init();
  10   1        Timer0_Init();
  11   1        LCD_ShowString(1,1,"clock");
  12   1        LCD_ShowString(2,3,":");
  13   1        LCD_ShowString(2,6,":");
  14   1        
  15   1        while(1)
  16   1        {
  17   2          LCD_ShowNum(2,1,Hour,2);
  18   2          LCD_ShowNum(2,4,Min,2);
  19   2          LCD_ShowNum(2,7,Sec,2);
  20   2        }
  21   1      }
  22          
  23          void Timer0_Routine() interrupt 1
  24          {
  25   1        static unsigned char T0Count;
  26   1        TL0 = 0x18;       
  27   1        TH0 = 0xFC; 
  28   1        T0Count++;
  29   1        if(T0Count>=1000)
  30   1        {
  31   2          T0Count = 0;
  32   2        
  33   2          Sec++;
  34   2          if(Sec>=60)
  35   2          {
  36   3            Sec = 0;
  37   3            Min++;
  38   3            if(Min>=60)
  39   3            {
  40   4              Min = 0;
  41   4              Hour++;
  42   4              if(Hour>=24)
  43   4              {
  44   5                Hour = 0;
  45   5              }
  46   4            }
  47   3          }
  48   2        }
  49   1      }


MODULE INFORMATION:   STATIC OVERLAYABLE
   CODE SIZE        =    156    ----
C51 COMPILER V9.54   MAIN                                                                  02/07/2023 16:45:38 PAGE 2   

   CONSTANT SIZE    =      8    ----
   XDATA SIZE       =   ----    ----
   PDATA SIZE       =   ----    ----
   DATA SIZE        =      4    ----
   IDATA SIZE       =   ----    ----
   BIT SIZE         =   ----    ----
END OF MODULE INFORMATION.


C51 COMPILATION COMPLETE.  1 WARNING(S),  0 ERROR(S)
