C51 COMPILER V9.54   KEY                                                                   02/07/2023 16:11:28 PAGE 1   


C51 COMPILER V9.54, COMPILATION OF MODULE KEY
OBJECT MODULE PLACED IN .\Objects\Key.obj
COMPILER INVOKED BY: D:\keil5\C51\BIN\C51.EXE Key.c OPTIMIZE(8,SPEED) BROWSE DEBUG OBJECTEXTEND PRINT(.\Listings\Key.lst
                    -) TABS(2) OBJECT(.\Objects\Key.obj)

line level    source

*** WARNING C500 IN LINE 1 OF Key.c: LICENSE ERROR (R201(2): INVALID LICENSE ID CODE (LIC))

   1          #include <REGX52.H>
   2          #include "Delay1ms.h"
   3          /**
   4            * @brief  获取独立按键键码
   5            * @param  无
   6            * @retval 按下按键的键码，范围0-4 ，无按键按下时返回值为0
   7            */
   8          unsigned char Key()
   9          {
  10   1        unsigned char Keynumber = 0;
  11   1        if(P3_1 == 0)
  12   1        {
  13   2          Delay1ms(20);
  14   2          while(P3_1 == 0);
  15   2          Delay1ms(20);
  16   2          Keynumber = 1;
  17   2        }
  18   1        if(P3_0== 0)
  19   1        {
  20   2          Delay1ms(20);
  21   2          while(P3_0 == 0);
  22   2          Delay1ms(20);
  23   2          Keynumber = 2;
  24   2        }
  25   1        if(P3_2==0)
  26   1        {
  27   2          Delay1ms(20);
  28   2          while(P3_2 == 0);
  29   2          Delay1ms(20);
  30   2          Keynumber = 3;
  31   2        }
  32   1        if(P3_3== 0)
  33   1        {
  34   2          Delay1ms(20);
  35   2          while(P3_3 == 0);
  36   2          Delay1ms(20);
  37   2          Keynumber = 4;
  38   2        }
  39   1        return Keynumber;
  40   1      }


MODULE INFORMATION:   STATIC OVERLAYABLE
   CODE SIZE        =     82    ----
   CONSTANT SIZE    =   ----    ----
   XDATA SIZE       =   ----    ----
   PDATA SIZE       =   ----    ----
   DATA SIZE        =   ----       1
   IDATA SIZE       =   ----    ----
   BIT SIZE         =   ----    ----
END OF MODULE INFORMATION.


C51 COMPILATION COMPLETE.  1 WARNING(S),  0 ERROR(S)
