C51 COMPILER V9.54   MAIN                                                                  02/07/2023 16:11:28 PAGE 1   


C51 COMPILER V9.54, COMPILATION OF MODULE MAIN
OBJECT MODULE PLACED IN .\Objects\main.obj
COMPILER INVOKED BY: D:\keil5\C51\BIN\C51.EXE main.c OPTIMIZE(8,SPEED) BROWSE DEBUG OBJECTEXTEND PRINT(.\Listings\main.l
                    -st) TABS(2) OBJECT(.\Objects\main.obj)

line level    source

*** WARNING C500 IN LINE 1 OF main.c: LICENSE ERROR (R201(2): INVALID LICENSE ID CODE (LIC))

   1          #include <REGX52.H>
   2          #include "Timer0.h"
   3          #include "Key.h"
   4          #include "INTRINS.h"
   5          unsigned char Keynum,LedMode;
   6          void main()
   7          {
   8   1        P2 = 0xFE;
   9   1        Timer0_Init();
  10   1        while(1)
  11   1        {
  12   2          Keynum = Key();
  13   2          if(Keynum != 0)
  14   2          {
  15   3            if(Keynum == 1)
  16   3            {
  17   4              LedMode++;
  18   4              if(LedMode>=2)
  19   4              {
  20   5                LedMode = 0;
  21   5              }
  22   4            }
  23   3            
  24   3          }
  25   2        }
  26   1      }
  27          
  28          void Timer0_Routine() interrupt 1
  29          {
  30   1        static unsigned T0Count;
  31   1        TL0 = 0x18;       
  32   1        TH0 = 0xFC; 
  33   1        T0Count++;
  34   1        if(T0Count >= 500)
  35   1        {
  36   2          T0Count = 0;
  37   2          if(LedMode == 0)
  38   2          {
  39   3            P2 = _crol_(P2,1);
  40   3          }
  41   2          if(LedMode == 1)
  42   2          {
  43   3            P2 = _cror_(P2,1);
  44   3          }
  45   2        }
  46   1      }


MODULE INFORMATION:   STATIC OVERLAYABLE
   CODE SIZE        =    116    ----
   CONSTANT SIZE    =   ----    ----
   XDATA SIZE       =   ----    ----
   PDATA SIZE       =   ----    ----
C51 COMPILER V9.54   MAIN                                                                  02/07/2023 16:11:28 PAGE 2   

   DATA SIZE        =      4    ----
   IDATA SIZE       =   ----    ----
   BIT SIZE         =   ----    ----
END OF MODULE INFORMATION.


C51 COMPILATION COMPLETE.  1 WARNING(S),  0 ERROR(S)
