C51 COMPILER V9.54   TIMER0                                                                02/07/2023 16:11:28 PAGE 1   


C51 COMPILER V9.54, COMPILATION OF MODULE TIMER0
OBJECT MODULE PLACED IN .\Objects\Timer0.obj
COMPILER INVOKED BY: D:\keil5\C51\BIN\C51.EXE Timer0.c OPTIMIZE(8,SPEED) BROWSE DEBUG OBJECTEXTEND PRINT(.\Listings\Time
                    -r0.lst) TABS(2) OBJECT(.\Objects\Timer0.obj)

line level    source

*** WARNING C500 IN LINE 1 OF Timer0.c: LICENSE ERROR (R201(2): INVALID LICENSE ID CODE (LIC))

   1          #include <REGX52.H>
   2          
   3          /**
   4            * @brief  定时器0初始化 1毫秒 12MHZ
   5            * @param  无
   6            * @retval 无
   7            */
   8          void Timer0_Init()
   9          {
  10   1        
  11   1        
  12   1        TMOD &= 0xF0;     //设置定时器模式
  13   1        TMOD |= 0x01;     //设置定时器模式
  14   1        TL0 = 0x18;       //设置定时初始值
  15   1        TH0 = 0xFC;       //设置定时初始值
  16   1        TF0 = 0;        //清除TF0标志
  17   1        TR0 = 1;        //定时器0开始计时
  18   1        ET0 = 1;
  19   1        EA = 1;
  20   1        PT0 = 0;
  21   1      }
  22          
  23          //定时器中断模板
  24          /*void Timer0_Routine() interrupt 1
  25          {
  26            static unsigned T0Count;
  27            TL0 = 0x18;       
  28            TH0 = 0xFC; 
  29            T0Count++;
  30            if(T0Count >= 1000)
  31            {
  32              T0Count = 0;
  33              P2_0 =~ P2_0;
  34            }
  35          */


MODULE INFORMATION:   STATIC OVERLAYABLE
   CODE SIZE        =     23    ----
   CONSTANT SIZE    =   ----    ----
   XDATA SIZE       =   ----    ----
   PDATA SIZE       =   ----    ----
   DATA SIZE        =   ----    ----
   IDATA SIZE       =   ----    ----
   BIT SIZE         =   ----    ----
END OF MODULE INFORMATION.


C51 COMPILATION COMPLETE.  1 WARNING(S),  0 ERROR(S)
